<?xml version="1.0" encoding="UTF-8"?>
<robot generator="Robot 7.3 (Python 3.13.4 on win32)" generated="2025-08-19T14:21:24.634640" rpa="false" schemaversion="5">
<suite id="s1" name="ApiTestingE2E" source="d:\RobotFrameWorkPractice\ApiTestingUsingR\ApiTestingE2E.robot">
<test id="s1-t1" name="Verify End to End Api testing" line="7">
<kw name="Create new request , verify status code, response time" owner="Resource">
<kw name="Create List" owner="BuiltIn">
<msg time="2025-08-19T14:21:25.067505" level="INFO">${Auth} = ['Digvijay', 'patil']</msg>
<var>${Auth}</var>
<arg>${Username}</arg>
<arg>${Password}</arg>
<doc>Returns a list containing given items.</doc>
<status status="PASS" start="2025-08-19T14:21:25.067176" elapsed="0.002178"/>
</kw>
<kw name="Create Session" owner="RequestsLibrary">
<msg time="2025-08-19T14:21:25.070209" level="INFO">Creating Session using : alias=Api, url=https://dummyjson.com, headers={},                     cookies={}, auth=&lt;requests.auth.HTTPBasicAuth object at 0x00000252F0B9BCB0&gt;, timeout=None, proxies=None, verify=False,                     debug=0 </msg>
<arg>Api</arg>
<arg>${URl}</arg>
<arg>auth=${Auth}</arg>
<doc>Create Session: create a HTTP session to a server</doc>
<status status="PASS" start="2025-08-19T14:21:25.069729" elapsed="0.000998"/>
</kw>
<kw name="Create Dictionary" owner="BuiltIn">
<msg time="2025-08-19T14:21:25.071935" level="INFO">${Body} = {'userId': '1001', 'id': ' 501', 'title': ' Harrier', 'body': 'Yes i have car and it is harrier'}</msg>
<var>${Body}</var>
<arg>userId=1001</arg>
<arg>id= 501</arg>
<arg>title= Harrier</arg>
<arg>body=Yes i have car and it is harrier</arg>
<doc>Creates and returns a dictionary based on the given ``items``.</doc>
<status status="PASS" start="2025-08-19T14:21:25.071142" elapsed="0.000965"/>
</kw>
<kw name="Create Dictionary" owner="BuiltIn">
<msg time="2025-08-19T14:21:25.072710" level="INFO">${header} = {'Content Type': 'application/json'}</msg>
<var>${header}</var>
<arg>Content Type=application/json</arg>
<doc>Creates and returns a dictionary based on the given ``items``.</doc>
<status status="PASS" start="2025-08-19T14:21:25.072414" elapsed="0.000419"/>
</kw>
<kw name="Post Request" owner="RequestsLibrary">
<msg time="2025-08-19T14:21:25.073152" level="WARN">Keyword 'RequestsLibrary.Post Request' is deprecated. Please use `POST On Session` instead.</msg>
<msg time="2025-08-19T14:21:25.983467" level="INFO">POST Request : url=https://dummyjson.com/products/add 
 path_url=/products/add 
 headers={'User-Agent': 'python-requests/2.32.4', 'Accept-Encoding': 'gzip, deflate', 'Accept': '*/*', 'Connection': 'keep-alive', 'Content Type': 'application/json', 'Content-Length': '97', 'Content-Type': 'application/json', 'Authorization': 'Basic RGlndmlqYXk6cGF0aWw='} 
 body=b'{"userId": "1001", "id": " 501", "title": " Harrier", "body": "Yes i have car and it is harrier"}' 
 </msg>
<msg time="2025-08-19T14:21:25.984511" level="INFO">POST Response : url=https://dummyjson.com/products/add 
 status=201, reason=Created 
 headers={'Date': 'Tue, 19 Aug 2025 08:51:34 GMT', 'Content-Type': 'application/json; charset=utf-8', 'Content-Length': '29', 'Connection': 'keep-alive', 'Access-Control-Allow-Origin': '*', 'Etag': 'W/"1d-qgaWWIREt5Y6+wnkyrMgY928hXA"', 'Server': 'cloudflare', 'Strict-Transport-Security': 'max-age=15552000; includeSubDomains', 'Vary': 'Accept-Encoding', 'X-Content-Type-Options': 'nosniff', 'X-Dns-Prefetch-Control': 'off', 'X-Download-Options': 'noopen', 'X-Frame-Options': 'SAMEORIGIN', 'X-Powered-By': 'Cats on Keyboards', 'X-Railway-Edge': 'railway/europe-west4-drams3a', 'X-Railway-Request-Id': '5MCjyfyjSZiOLon-m3z_FQ', 'X-Ratelimit-Limit': '100', 'X-Ratelimit-Remaining': '99', 'X-Ratelimit-Reset': '1755593501', 'X-Xss-Protection': '1; mode=block', 'Cf-Cache-Status': 'DYNAMIC', 'Nel': '{"report_to":"cf-nel","success_fraction":0.0,"max_age":604800}', 'Report-To': '{"group":"cf-nel","max_age":604800,"endpoints":[{"url":"https://a.nel.cloudflare.com/report/v4?s=0YHf2QcOOTHFZ4ppkn8fLi4F5Z%2FuiAxHyqsSSswfU9CGtFt5hS8%2F%2F8ayQ6LDSBJh1KUuPUjFdIkIF%2BB%2FBgInp6R%2Bw%2BQV8OxhkMqHgSg%3D"}]}', 'CF-RAY': '971868ea885a632e-LHR', 'alt-svc': 'h3=":443"; ma=86400'} 
 body={"id":195,"title":" Harrier"} 
 </msg>
<msg time="2025-08-19T14:21:25.985247" level="INFO">C:\Users\digvijay.p\AppData\Local\Programs\Python\Python313\Lib\site-packages\urllib3\connectionpool.py:1097: InsecureRequestWarning: Unverified HTTPS request is being made to host 'dummyjson.com'. Adding certificate verification is strongly advised. See: https://urllib3.readthedocs.io/en/latest/advanced-usage.html#tls-warnings
  warnings.warn(</msg>
<msg time="2025-08-19T14:21:25.987683" level="INFO">${PostResponse} = &lt;Response [201]&gt;</msg>
<var>${PostResponse}</var>
<arg>Api</arg>
<arg>/products/add</arg>
<arg>json=${Body}</arg>
<arg>headers=${header}</arg>
<doc>*DEPRECATED* Please use `POST On Session` instead.</doc>
<status status="PASS" start="2025-08-19T14:21:25.073023" elapsed="0.915637"/>
</kw>
<kw name="Log" owner="BuiltIn">
<msg time="2025-08-19T14:21:25.994783" level="INFO">201</msg>
<arg>${PostResponse.status_code}</arg>
<doc>Logs the given message with the given level.</doc>
<status status="PASS" start="2025-08-19T14:21:25.990359" elapsed="0.005557"/>
</kw>
<kw name="Should Be Equal As Integers" owner="BuiltIn">
<msg time="2025-08-19T14:21:25.999834" level="INFO">Argument types are:
&lt;class 'int'&gt;
&lt;class 'str'&gt;</msg>
<arg>${PostResponse.status_code}</arg>
<arg>201</arg>
<doc>Fails if objects are unequal after converting them to integers.</doc>
<status status="PASS" start="2025-08-19T14:21:25.996886" elapsed="0.003516"/>
</kw>
<kw name="Log" owner="BuiltIn">
<msg time="2025-08-19T14:21:26.002410" level="INFO">0.907603&lt;2</msg>
<arg>${PostResponse.elapsed.total_seconds()}&lt;2</arg>
<doc>Logs the given message with the given level.</doc>
<status status="PASS" start="2025-08-19T14:21:26.000973" elapsed="0.001862"/>
</kw>
<kw name="Log" owner="BuiltIn">
<msg time="2025-08-19T14:21:26.004822" level="INFO">{"id":195,"title":" Harrier"}</msg>
<arg>${PostResponse.text}</arg>
<doc>Logs the given message with the given level.</doc>
<status status="PASS" start="2025-08-19T14:21:26.003311" elapsed="0.002242"/>
</kw>
<arg>Digvijay</arg>
<arg>patil</arg>
<status status="PASS" start="2025-08-19T14:21:25.066526" elapsed="0.939537"/>
</kw>
<kw name="Verify get request verify status code, response time, content, title" owner="Resource">
<kw name="Create Session" owner="RequestsLibrary">
<msg time="2025-08-19T14:21:26.009414" level="INFO">Creating Session using : alias=Api, url=https://dummyjson.com, headers={},                     cookies={}, auth=None, timeout=None, proxies=None, verify=False,                     debug=0 </msg>
<arg>Api</arg>
<arg>${URl}</arg>
<doc>Create Session: create a HTTP session to a server</doc>
<status status="PASS" start="2025-08-19T14:21:26.008743" elapsed="0.001469"/>
</kw>
<kw name="Create Dictionary" owner="BuiltIn">
<msg time="2025-08-19T14:21:26.011873" level="INFO">${headers} = {'Authorization': 'Bearerertyuikuydfgh567'}</msg>
<var>${headers}</var>
<arg>Authorization=Bearer${Token}</arg>
<doc>Creates and returns a dictionary based on the given ``items``.</doc>
<status status="PASS" start="2025-08-19T14:21:26.010826" elapsed="0.001412"/>
</kw>
<kw name="Get Request" owner="RequestsLibrary">
<msg time="2025-08-19T14:21:26.013138" level="WARN">Keyword 'RequestsLibrary.Get Request' is deprecated. Please use `GET On Session` instead.</msg>
<msg time="2025-08-19T14:21:26.994401" level="INFO">GET Request : url=https://dummyjson.com/products/5 
 path_url=/products/5 
 headers={'User-Agent': 'python-requests/2.32.4', 'Accept-Encoding': 'gzip, deflate', 'Accept': '*/*', 'Connection': 'keep-alive'} 
 body=None 
 </msg>
<msg time="2025-08-19T14:21:26.994767" level="INFO">GET Response : url=https://dummyjson.com/products/5 
 status=200, reason=OK 
 headers={'Date': 'Tue, 19 Aug 2025 08:51:35 GMT', 'Content-Type': 'application/json; charset=utf-8', 'Transfer-Encoding': 'chunked', 'Connection': 'keep-alive', 'Access-Control-Allow-Origin': '*', 'Report-To': '{"group":"cf-nel","max_age":604800,"endpoints":[{"url":"https://a.nel.cloudflare.com/report/v4?s=cNbWY%2BmfF0QaMa4W0lI3TtIcSjkUnXIE0hGsH%2BfPK9voz3EGnkU8MdXNmAChQR5l%2BJCg%2BlwZ8Nj54S2Mwgv28BFPAwR700ilPt7K2xk%3D"}]}', 'Etag': 'W/"5a0-ZsnaKl/vlj79H+5kfeS/7ZcH6is"', 'Server': 'cloudflare', 'Strict-Transport-Security': 'max-age=15552000; includeSubDomains', 'Vary': 'Accept-Encoding', 'X-Content-Type-Options': 'nosniff', 'X-Dns-Prefetch-Control': 'off', 'X-Download-Options': 'noopen', 'X-Frame-Options': 'SAMEORIGIN', 'X-Powered-By': 'Cats on Keyboards', 'X-Railway-Edge': 'railway/europe-west4-drams3a', 'X-Railway-Request-Id': 'fFplWARwRB-dfQfaw9P4nw', 'X-Ratelimit-Limit': '100', 'X-Ratelimit-Remaining': '99', 'X-Ratelimit-Reset': '1755593500', 'X-Xss-Protection': '1; mode=block', 'Cf-Cache-Status': 'DYNAMIC', 'Nel': '{"report_to":"cf-nel","success_fraction":0.0,"max_age":604800}', 'Content-Encoding': 'gzip', 'CF-RAY': '971868f0c9a64e60-LHR', 'alt-svc': 'h3=":443"; ma=86400'} 
 body={"id":5,"title":"Red Nail Polish","description":"The Red Nail Polish offers a rich and glossy red hue for vibrant and polished nails. With a quick-drying formula, it provides a salon-quality finish at home.","category":"beauty","price":8.99,"discountPercentage":11.44,"rating":4.32,"stock":79,"tags":["beauty","nail polish"],"brand":"Nail Couture","sku":"BEA-NAI-NAI-005","weight":8,"dimensions":{"width":21.63,"height":16.48,"depth":29.84},"warrantyInformation":"1 month warranty","shippingInformation":"Ships overnight","availabilityStatus":"In Stock","reviews":[{"rating":2,"comment":"Poor quality!","date":"2025-04-30T09:41:02.053Z","reviewerName":"Benjamin Wilson","reviewerEmail":"benjamin.wilson@x.dummyjson.com"},{"rating":5,"comment":"Great product!","date":"2025-04-30T09:41:02.053Z","reviewerName":"Liam Smith","reviewerEmail":"liam.smith@x.dummyjson.com"},{"rating":1,"comment":"Very unhappy with my purchase!","date":"2025-04-30T09:41:02.053Z","reviewerName":"Clara Berry","reviewerEmail":"clara.berry@x.dummyjson.com"}],"returnPolicy":"No return policy","minimumOrderQuantity":22,"meta":{"createdAt":"2025-04-30T09:41:02.053Z","updatedAt":"2025-04-30T09:41:02.053Z","barcode":"4063010628104","qrCode":"https://cdn.dummyjson.com/public/qr-code.png"},"images":["https://cdn.dummyjson.com/product-images/beauty/red-nail-polish/1.webp"],"thumbnail":"https://cdn.dummyjson.com/product-images/beauty/red-nail-polish/thumbnail.webp"} 
 </msg>
<msg time="2025-08-19T14:21:26.995276" level="INFO">C:\Users\digvijay.p\AppData\Local\Programs\Python\Python313\Lib\site-packages\urllib3\connectionpool.py:1097: InsecureRequestWarning: Unverified HTTPS request is being made to host 'dummyjson.com'. Adding certificate verification is strongly advised. See: https://urllib3.readthedocs.io/en/latest/advanced-usage.html#tls-warnings
  warnings.warn(</msg>
<msg time="2025-08-19T14:21:26.996152" level="INFO">${GetRespone} = &lt;Response [200]&gt;</msg>
<var>${GetRespone}</var>
<arg>Api</arg>
<arg>/products/5</arg>
<doc>*DEPRECATED* Please use `GET On Session` instead.</doc>
<status status="PASS" start="2025-08-19T14:21:26.012767" elapsed="0.983624"/>
</kw>
<kw name="Log" owner="BuiltIn">
<msg time="2025-08-19T14:21:26.997741" level="INFO">Statuscode:200</msg>
<arg>Statuscode:${GetRespone.status_code}</arg>
<doc>Logs the given message with the given level.</doc>
<status status="PASS" start="2025-08-19T14:21:26.996795" elapsed="0.001229"/>
</kw>
<kw name="Log" owner="BuiltIn">
<msg time="2025-08-19T14:21:26.998893" level="INFO">content:{"id":5,"title":"Red Nail Polish","description":"The Red Nail Polish offers a rich and glossy red hue for vibrant and polished nails. With a quick-drying formula, it provides a salon-quality finish at home.","category":"beauty","price":8.99,"discountPercentage":11.44,"rating":4.32,"stock":79,"tags":["beauty","nail polish"],"brand":"Nail Couture","sku":"BEA-NAI-NAI-005","weight":8,"dimensions":{"width":21.63,"height":16.48,"depth":29.84},"warrantyInformation":"1 month warranty","shippingInformation":"Ships overnight","availabilityStatus":"In Stock","reviews":[{"rating":2,"comment":"Poor quality!","date":"2025-04-30T09:41:02.053Z","reviewerName":"Benjamin Wilson","reviewerEmail":"benjamin.wilson@x.dummyjson.com"},{"rating":5,"comment":"Great product!","date":"2025-04-30T09:41:02.053Z","reviewerName":"Liam Smith","reviewerEmail":"liam.smith@x.dummyjson.com"},{"rating":1,"comment":"Very unhappy with my purchase!","date":"2025-04-30T09:41:02.053Z","reviewerName":"Clara Berry","reviewerEmail":"clara.berry@x.dummyjson.com"}],"returnPolicy":"No return policy","minimumOrderQuantity":22,"meta":{"createdAt":"2025-04-30T09:41:02.053Z","updatedAt":"2025-04-30T09:41:02.053Z","barcode":"4063010628104","qrCode":"https://cdn.dummyjson.com/public/qr-code.png"},"images":["https://cdn.dummyjson.com/product-images/beauty/red-nail-polish/1.webp"],"thumbnail":"https://cdn.dummyjson.com/product-images/beauty/red-nail-polish/thumbnail.webp"}</msg>
<arg>content:${GetRespone.text}</arg>
<doc>Logs the given message with the given level.</doc>
<status status="PASS" start="2025-08-19T14:21:26.998334" elapsed="0.000743"/>
</kw>
<kw name="Log" owner="BuiltIn">
<msg time="2025-08-19T14:21:26.999754" level="INFO">header:{'Date': 'Tue, 19 Aug 2025 08:51:35 GMT', 'Content-Type': 'application/json; charset=utf-8', 'Transfer-Encoding': 'chunked', 'Connection': 'keep-alive', 'Access-Control-Allow-Origin': '*', 'Report-To': '{"group":"cf-nel","max_age":604800,"endpoints":[{"url":"https://a.nel.cloudflare.com/report/v4?s=cNbWY%2BmfF0QaMa4W0lI3TtIcSjkUnXIE0hGsH%2BfPK9voz3EGnkU8MdXNmAChQR5l%2BJCg%2BlwZ8Nj54S2Mwgv28BFPAwR700ilPt7K2xk%3D"}]}', 'Etag': 'W/"5a0-ZsnaKl/vlj79H+5kfeS/7ZcH6is"', 'Server': 'cloudflare', 'Strict-Transport-Security': 'max-age=15552000; includeSubDomains', 'Vary': 'Accept-Encoding', 'X-Content-Type-Options': 'nosniff', 'X-Dns-Prefetch-Control': 'off', 'X-Download-Options': 'noopen', 'X-Frame-Options': 'SAMEORIGIN', 'X-Powered-By': 'Cats on Keyboards', 'X-Railway-Edge': 'railway/europe-west4-drams3a', 'X-Railway-Request-Id': 'fFplWARwRB-dfQfaw9P4nw', 'X-Ratelimit-Limit': '100', 'X-Ratelimit-Remaining': '99', 'X-Ratelimit-Reset': '1755593500', 'X-Xss-Protection': '1; mode=block', 'Cf-Cache-Status': 'DYNAMIC', 'Nel': '{"report_to":"cf-nel","success_fraction":0.0,"max_age":604800}', 'Content-Encoding': 'gzip', 'CF-RAY': '971868f0c9a64e60-LHR', 'alt-svc': 'h3=":443"; ma=86400'}</msg>
<arg>header:${GetRespone.headers}</arg>
<doc>Logs the given message with the given level.</doc>
<status status="PASS" start="2025-08-19T14:21:26.999254" elapsed="0.000652"/>
</kw>
<kw name="To Json" owner="RequestsLibrary">
<msg time="2025-08-19T14:21:27.000171" level="WARN">Keyword 'RequestsLibrary.To Json' is deprecated. Please use ${resp.json()} instead. Have a look at the improved HTML output as pretty printing replacement.</msg>
<msg time="2025-08-19T14:21:27.001881" level="INFO">To JSON using : content={"id":5,"title":"Red Nail Polish","description":"The Red Nail Polish offers a rich and glossy red hue for vibrant and polished nails. With a quick-drying formula, it provides a salon-quality finish at home.","category":"beauty","price":8.99,"discountPercentage":11.44,"rating":4.32,"stock":79,"tags":["beauty","nail polish"],"brand":"Nail Couture","sku":"BEA-NAI-NAI-005","weight":8,"dimensions":{"width":21.63,"height":16.48,"depth":29.84},"warrantyInformation":"1 month warranty","shippingInformation":"Ships overnight","availabilityStatus":"In Stock","reviews":[{"rating":2,"comment":"Poor quality!","date":"2025-04-30T09:41:02.053Z","reviewerName":"Benjamin Wilson","reviewerEmail":"benjamin.wilson@x.dummyjson.com"},{"rating":5,"comment":"Great product!","date":"2025-04-30T09:41:02.053Z","reviewerName":"Liam Smith","reviewerEmail":"liam.smith@x.dummyjson.com"},{"rating":1,"comment":"Very unhappy with my purchase!","date":"2025-04-30T09:41:02.053Z","reviewerName":"Clara Berry","reviewerEmail":"clara.berry@x.dummyjson.com"}],"returnPolicy":"No return policy","minimumOrderQuantity":22,"meta":{"createdAt":"2025-04-30T09:41:02.053Z","updatedAt":"2025-04-30T09:41:02.053Z","barcode":"4063010628104","qrCode":"https://cdn.dummyjson.com/public/qr-code.png"},"images":["https://cdn.dummyjson.com/product-images/beauty/red-nail-polish/1.webp"],"thumbnail":"https://cdn.dummyjson.com/product-images/beauty/red-nail-polish/thumbnail.webp"} </msg>
<msg time="2025-08-19T14:21:27.002186" level="INFO">To JSON using : pretty_print=False </msg>
<msg time="2025-08-19T14:21:27.002544" level="INFO">${json} = {'id': 5, 'title': 'Red Nail Polish', 'description': 'The Red Nail Polish offers a rich and glossy red hue for vibrant and polished nails. With a quick-drying formula, it provides a salon-quality fini...</msg>
<var>${json}</var>
<arg>${GetRespone.text}</arg>
<doc>*DEPRECATED* Please use ${resp.json()} instead. Have a look at the improved HTML output as pretty printing replacement.</doc>
<status status="PASS" start="2025-08-19T14:21:27.000070" elapsed="0.002656"/>
</kw>
<kw name="Get From Dictionary" owner="Collections">
<msg time="2025-08-19T14:21:27.003412" level="INFO">${title} = Red Nail Polish</msg>
<var>${title}</var>
<arg>${json}</arg>
<arg>title</arg>
<doc>Returns a value from the given ``dictionary`` based on the given ``key``.</doc>
<status status="PASS" start="2025-08-19T14:21:27.002983" elapsed="0.000663"/>
</kw>
<kw name="Log" owner="BuiltIn">
<msg time="2025-08-19T14:21:27.004884" level="INFO">product title is :Red Nail Polish</msg>
<arg>product title is :${title}</arg>
<doc>Logs the given message with the given level.</doc>
<status status="PASS" start="2025-08-19T14:21:27.004004" elapsed="0.001145"/>
</kw>
<status status="PASS" start="2025-08-19T14:21:26.007647" elapsed="0.997676"/>
</kw>
<kw name="Put Request verify status code,response time" owner="Resource">
<kw name="Create Session" owner="RequestsLibrary">
<msg time="2025-08-19T14:21:27.007255" level="INFO">Creating Session using : alias=Api, url=https://dummyjson.com, headers={},                     cookies={}, auth=None, timeout=None, proxies=None, verify=False,                     debug=0 </msg>
<arg>Api</arg>
<arg>${URL}</arg>
<doc>Create Session: create a HTTP session to a server</doc>
<status status="PASS" start="2025-08-19T14:21:27.006914" elapsed="0.000753"/>
</kw>
<kw name="Create Dictionary" owner="BuiltIn">
<msg time="2025-08-19T14:21:27.008289" level="INFO">${UpdateBody} = {'title': 'Rolls-Royce', 'description': 'Updated via Robot Framework'}</msg>
<var>${UpdateBody}</var>
<arg>title=Rolls-Royce</arg>
<arg>description=Updated via Robot Framework</arg>
<doc>Creates and returns a dictionary based on the given ``items``.</doc>
<status status="PASS" start="2025-08-19T14:21:27.007914" elapsed="0.000515"/>
</kw>
<kw name="Create Dictionary" owner="BuiltIn">
<msg time="2025-08-19T14:21:27.009069" level="INFO">${Header} = {'Content-Type': 'application/json'}</msg>
<var>${Header}</var>
<arg>Content-Type=application/json</arg>
<doc>Creates and returns a dictionary based on the given ``items``.</doc>
<status status="PASS" start="2025-08-19T14:21:27.008768" elapsed="0.000426"/>
</kw>
<kw name="PUT On Session" owner="RequestsLibrary">
<msg time="2025-08-19T14:21:27.883993" level="INFO">PUT Request : url=https://dummyjson.com/products/5 
 path_url=/products/5 
 headers={'User-Agent': 'python-requests/2.32.4', 'Accept-Encoding': 'gzip, deflate', 'Accept': '*/*', 'Connection': 'keep-alive', 'Content-Type': 'application/json', 'Content-Length': '70'} 
 body=b'{"title": "Rolls-Royce", "description": "Updated via Robot Framework"}' 
 </msg>
<msg time="2025-08-19T14:21:27.884596" level="INFO">PUT Response : url=https://dummyjson.com/products/5 
 status=200, reason=OK 
 headers={'Date': 'Tue, 19 Aug 2025 08:51:36 GMT', 'Content-Type': 'application/json; charset=utf-8', 'Transfer-Encoding': 'chunked', 'Connection': 'keep-alive', 'Access-Control-Allow-Origin': '*', 'Etag': 'W/"167-NNisRgiFVLewdVPyGCOxQNSuGNU"', 'Server': 'cloudflare', 'Strict-Transport-Security': 'max-age=15552000; includeSubDomains', 'Vary': 'Accept-Encoding', 'X-Content-Type-Options': 'nosniff', 'X-Dns-Prefetch-Control': 'off', 'X-Download-Options': 'noopen', 'X-Frame-Options': 'SAMEORIGIN', 'X-Powered-By': 'Cats on Keyboards', 'X-Railway-Edge': 'railway/europe-west4-drams3a', 'X-Railway-Request-Id': 'ikIsCWUBQl6YPMs8jUJq2g', 'X-Ratelimit-Limit': '100', 'X-Ratelimit-Remaining': '99', 'X-Ratelimit-Reset': '1755593500', 'X-Xss-Protection': '1; mode=block', 'Cf-Cache-Status': 'DYNAMIC', 'Nel': '{"report_to":"cf-nel","success_fraction":0.0,"max_age":604800}', 'Report-To': '{"group":"cf-nel","max_age":604800,"endpoints":[{"url":"https://a.nel.cloudflare.com/report/v4?s=fEWiluV03ann2kzey0mxAx8sVb7FLzoe3lR3hND5CMA20BqeSrGZOaE36ofpDjYfPCtYXGpd2VbUaV092DucJYCnJjM30Q7jJC4rzxo%3D"}]}', 'Content-Encoding': 'gzip', 'CF-RAY': '971868f648bf330e-LHR', 'alt-svc': 'h3=":443"; ma=86400'} 
 body={"id":5,"title":"Rolls-Royce","price":8.99,"discountPercentage":11.44,"stock":79,"rating":4.32,"images":["https://cdn.dummyjson.com/product-images/beauty/red-nail-polish/1.webp"],"thumbnail":"https://cdn.dummyjson.com/product-images/beauty/red-nail-polish/thumbnail.webp","description":"Updated via Robot Framework","brand":"Nail Couture","category":"beauty"} 
 </msg>
<msg time="2025-08-19T14:21:27.885089" level="INFO">C:\Users\digvijay.p\AppData\Local\Programs\Python\Python313\Lib\site-packages\urllib3\connectionpool.py:1097: InsecureRequestWarning: Unverified HTTPS request is being made to host 'dummyjson.com'. Adding certificate verification is strongly advised. See: https://urllib3.readthedocs.io/en/latest/advanced-usage.html#tls-warnings
  warnings.warn(</msg>
<msg time="2025-08-19T14:21:27.886626" level="INFO">${PutRequestRespone} = &lt;Response [200]&gt;</msg>
<var>${PutRequestRespone}</var>
<arg>Api</arg>
<arg>/products/5</arg>
<arg>json=${UpdateBody}</arg>
<arg>headers=${Header}</arg>
<doc>Sends a PUT request on a previously created HTTP Session.</doc>
<status status="PASS" start="2025-08-19T14:21:27.009370" elapsed="0.877653"/>
</kw>
<kw name="Log" owner="BuiltIn">
<msg time="2025-08-19T14:21:27.890177" level="INFO">200</msg>
<arg>${PutRequestRespone.status_code}</arg>
<doc>Logs the given message with the given level.</doc>
<status status="PASS" start="2025-08-19T14:21:27.887718" elapsed="0.003248"/>
</kw>
<kw name="Should Be Equal As Integers" owner="BuiltIn">
<msg time="2025-08-19T14:21:27.894048" level="INFO">Argument types are:
&lt;class 'int'&gt;
&lt;class 'str'&gt;</msg>
<arg>${PutRequestRespone.status_code}</arg>
<arg>200</arg>
<doc>Fails if objects are unequal after converting them to integers.</doc>
<status status="PASS" start="2025-08-19T14:21:27.891697" elapsed="0.002856"/>
</kw>
<kw name="Log" owner="BuiltIn">
<msg time="2025-08-19T14:21:27.896482" level="INFO">0.873157&lt;2</msg>
<arg>${PutRequestRespone.elapsed.total_seconds()}&lt;2</arg>
<doc>Logs the given message with the given level.</doc>
<status status="PASS" start="2025-08-19T14:21:27.895109" elapsed="0.001685"/>
</kw>
<kw name="Log" owner="BuiltIn">
<msg time="2025-08-19T14:21:27.898245" level="INFO">{"id":5,"title":"Rolls-Royce","price":8.99,"discountPercentage":11.44,"stock":79,"rating":4.32,"images":["https://cdn.dummyjson.com/product-images/beauty/red-nail-polish/1.webp"],"thumbnail":"https://cdn.dummyjson.com/product-images/beauty/red-nail-polish/thumbnail.webp","description":"Updated via Robot Framework","brand":"Nail Couture","category":"beauty"}</msg>
<arg>${PutRequestRespone.text}</arg>
<doc>Logs the given message with the given level.</doc>
<status status="PASS" start="2025-08-19T14:21:27.897156" elapsed="0.001400"/>
</kw>
<status status="PASS" start="2025-08-19T14:21:27.006211" elapsed="0.892629"/>
</kw>
<kw name="Delete Request verify status code and response" owner="Resource">
<kw name="Create Session" owner="RequestsLibrary">
<msg time="2025-08-19T14:21:27.901282" level="INFO">Creating Session using : alias=Api, url=https://dummyjson.com, headers={},                     cookies={}, auth=None, timeout=None, proxies=None, verify=False,                     debug=0 </msg>
<arg>Api</arg>
<arg>${URL}</arg>
<doc>Create Session: create a HTTP session to a server</doc>
<status status="PASS" start="2025-08-19T14:21:27.900594" elapsed="0.001311"/>
</kw>
<kw name="Create Dictionary" owner="BuiltIn">
<msg time="2025-08-19T14:21:27.902897" level="INFO">${Headers} = {'Content-Type': 'application/json'}</msg>
<var>${Headers}</var>
<arg>Content-Type=application/json</arg>
<doc>Creates and returns a dictionary based on the given ``items``.</doc>
<status status="PASS" start="2025-08-19T14:21:27.902375" elapsed="0.000717"/>
</kw>
<kw name="Delete Request" owner="RequestsLibrary">
<msg time="2025-08-19T14:21:27.903568" level="WARN">Keyword 'RequestsLibrary.Delete Request' is deprecated. Please use `DELETE On Session` instead.</msg>
<msg time="2025-08-19T14:21:28.781963" level="INFO">DELETE Request : url=https://dummyjson.com/products/1 
 path_url=/products/1 
 headers={'User-Agent': 'python-requests/2.32.4', 'Accept-Encoding': 'gzip, deflate', 'Accept': '*/*', 'Connection': 'keep-alive', 'Content-Type': 'application/json', 'Content-Length': '0'} 
 body=None 
 </msg>
<msg time="2025-08-19T14:21:28.782404" level="INFO">DELETE Response : url=https://dummyjson.com/products/1 
 status=200, reason=OK 
 headers={'Date': 'Tue, 19 Aug 2025 08:51:37 GMT', 'Content-Type': 'application/json; charset=utf-8', 'Transfer-Encoding': 'chunked', 'Connection': 'keep-alive', 'Access-Control-Allow-Origin': '*', 'Report-To': '{"group":"cf-nel","max_age":604800,"endpoints":[{"url":"https://a.nel.cloudflare.com/report/v4?s=MTzyCO2DaRBu%2B2V9xQaKTLRYqkp9JjbJFaR5V8FLq2OOTCAgsJlL1Mh%2BXHRg9T4p3czBAHinprSyzefxfBnHkluRkI7EXLGM3bOm"}]}', 'Etag': 'W/"61e-wx3MsNiXxOFFIKlWmWgNQa9y/bM"', 'Server': 'cloudflare', 'Strict-Transport-Security': 'max-age=15552000; includeSubDomains', 'Vary': 'Accept-Encoding', 'X-Content-Type-Options': 'nosniff', 'X-Dns-Prefetch-Control': 'off', 'X-Download-Options': 'noopen', 'X-Frame-Options': 'SAMEORIGIN', 'X-Powered-By': 'Cats on Keyboards', 'X-Railway-Edge': 'railway/europe-west4-drams3a', 'X-Railway-Request-Id': '50qsSkMzS-W53tOLm3z_FQ', 'X-Ratelimit-Limit': '100', 'X-Ratelimit-Remaining': '99', 'X-Ratelimit-Reset': '1755593500', 'X-Xss-Protection': '1; mode=block', 'Cf-Cache-Status': 'DYNAMIC', 'Nel': '{"report_to":"cf-nel","success_fraction":0.0,"max_age":604800}', 'Content-Encoding': 'gzip', 'CF-RAY': '971868fc0d3f48b3-LHR', 'alt-svc': 'h3=":443"; ma=86400'} 
 body={"id":1,"title":"Essence Mascara Lash Princess","description":"The Essence Mascara Lash Princess is a popular mascara known for its volumizing and lengthening effects. Achieve dramatic lashes with this long-lasting and cruelty-free formula.","category":"beauty","price":9.99,"discountPercentage":10.48,"rating":2.56,"stock":99,"tags":["beauty","mascara"],"brand":"Essence","sku":"BEA-ESS-ESS-001","weight":4,"dimensions":{"width":15.14,"height":13.08,"depth":22.99},"warrantyInformation":"1 week warranty","shippingInformation":"Ships in 3-5 business days","availabilityStatus":"In Stock","reviews":[{"rating":3,"comment":"Would not recommend!","date":"2025-04-30T09:41:02.053Z","reviewerName":"Eleanor Collins","reviewerEmail":"eleanor.collins@x.dummyjson.com"},{"rating":4,"comment":"Very satisfied!","date":"2025-04-30T09:41:02.053Z","reviewerName":"Lucas Gordon","reviewerEmail":"lucas.gordon@x.dummyjson.com"},{"rating":5,"comment":"Highly impressed!","date":"2025-04-30T09:41:02.053Z","reviewerName":"Eleanor Collins","reviewerEmail":"eleanor.collins@x.dummyjson.com"}],"returnPolicy":"No return policy","minimumOrderQuantity":48,"meta":{"createdAt":"2025-04-30T09:41:02.053Z","updatedAt":"2025-04-30T09:41:02.053Z","barcode":"5784719087687","qrCode":"https://cdn.dummyjson.com/public/qr-code.png"},"images":["https://cdn.dummyjson.com/product-images/beauty/essence-mascara-lash-princess/1.webp"],"thumbnail":"https://cdn.dummyjson.com/product-images/beauty/essence-mascara-lash-princess/thumbnail.webp","isDeleted":true,"deletedOn":"2025-08-19T08:51:37.098Z"} 
 </msg>
<msg time="2025-08-19T14:21:28.782891" level="INFO">C:\Users\digvijay.p\AppData\Local\Programs\Python\Python313\Lib\site-packages\urllib3\connectionpool.py:1097: InsecureRequestWarning: Unverified HTTPS request is being made to host 'dummyjson.com'. Adding certificate verification is strongly advised. See: https://urllib3.readthedocs.io/en/latest/advanced-usage.html#tls-warnings
  warnings.warn(</msg>
<msg time="2025-08-19T14:21:28.783829" level="INFO">${Delete_Response} = &lt;Response [200]&gt;</msg>
<var>${Delete_Response}</var>
<arg>Api</arg>
<arg>/products/1</arg>
<arg>headers=${Headers}</arg>
<doc>*DEPRECATED* Please use `DELETE On Session` instead.</doc>
<status status="PASS" start="2025-08-19T14:21:27.903368" elapsed="0.880682"/>
</kw>
<kw name="Log" owner="BuiltIn">
<msg time="2025-08-19T14:21:28.785214" level="INFO">200</msg>
<arg>${Delete_Response.status_code}</arg>
<doc>Logs the given message with the given level.</doc>
<status status="PASS" start="2025-08-19T14:21:28.784392" elapsed="0.001063"/>
</kw>
<kw name="Should Be Equal As Integers" owner="BuiltIn">
<msg time="2025-08-19T14:21:28.786517" level="INFO">Argument types are:
&lt;class 'int'&gt;
&lt;class 'str'&gt;</msg>
<arg>${Delete_Response.status_code}</arg>
<arg>200</arg>
<doc>Fails if objects are unequal after converting them to integers.</doc>
<status status="PASS" start="2025-08-19T14:21:28.785742" elapsed="0.001014"/>
</kw>
<kw name="Log" owner="BuiltIn">
<msg time="2025-08-19T14:21:28.788175" level="INFO">{"id":1,"title":"Essence Mascara Lash Princess","description":"The Essence Mascara Lash Princess is a popular mascara known for its volumizing and lengthening effects. Achieve dramatic lashes with this long-lasting and cruelty-free formula.","category":"beauty","price":9.99,"discountPercentage":10.48,"rating":2.56,"stock":99,"tags":["beauty","mascara"],"brand":"Essence","sku":"BEA-ESS-ESS-001","weight":4,"dimensions":{"width":15.14,"height":13.08,"depth":22.99},"warrantyInformation":"1 week warranty","shippingInformation":"Ships in 3-5 business days","availabilityStatus":"In Stock","reviews":[{"rating":3,"comment":"Would not recommend!","date":"2025-04-30T09:41:02.053Z","reviewerName":"Eleanor Collins","reviewerEmail":"eleanor.collins@x.dummyjson.com"},{"rating":4,"comment":"Very satisfied!","date":"2025-04-30T09:41:02.053Z","reviewerName":"Lucas Gordon","reviewerEmail":"lucas.gordon@x.dummyjson.com"},{"rating":5,"comment":"Highly impressed!","date":"2025-04-30T09:41:02.053Z","reviewerName":"Eleanor Collins","reviewerEmail":"eleanor.collins@x.dummyjson.com"}],"returnPolicy":"No return policy","minimumOrderQuantity":48,"meta":{"createdAt":"2025-04-30T09:41:02.053Z","updatedAt":"2025-04-30T09:41:02.053Z","barcode":"5784719087687","qrCode":"https://cdn.dummyjson.com/public/qr-code.png"},"images":["https://cdn.dummyjson.com/product-images/beauty/essence-mascara-lash-princess/1.webp"],"thumbnail":"https://cdn.dummyjson.com/product-images/beauty/essence-mascara-lash-princess/thumbnail.webp","isDeleted":true,"deletedOn":"2025-08-19T08:51:37.098Z"}</msg>
<arg>${Delete_Response.text}</arg>
<doc>Logs the given message with the given level.</doc>
<status status="PASS" start="2025-08-19T14:21:28.787028" elapsed="0.001793"/>
</kw>
<status status="PASS" start="2025-08-19T14:21:27.899884" elapsed="0.889249"/>
</kw>
<kw name="Verify get request using loop verify status code, response time, content, title" owner="Resource">
<kw name="Create Session" owner="RequestsLibrary">
<msg time="2025-08-19T14:21:28.791774" level="INFO">Creating Session using : alias=Api, url=https://dummyjson.com, headers={},                     cookies={}, auth=None, timeout=None, proxies=None, verify=False,                     debug=0 </msg>
<arg>Api</arg>
<arg>${URl}</arg>
<doc>Create Session: create a HTTP session to a server</doc>
<status status="PASS" start="2025-08-19T14:21:28.791248" elapsed="0.000960"/>
</kw>
<kw name="Create Dictionary" owner="BuiltIn">
<msg time="2025-08-19T14:21:28.792916" level="INFO">${headers} = {'Authorization': 'Bearerertyuikuydfgh567'}</msg>
<var>${headers}</var>
<arg>Authorization=Bearer${Token}</arg>
<doc>Creates and returns a dictionary based on the given ``items``.</doc>
<status status="PASS" start="2025-08-19T14:21:28.792482" elapsed="0.000580"/>
</kw>
<for flavor="IN">
<iter>
<kw name="Get Request" owner="RequestsLibrary">
<msg time="2025-08-19T14:21:28.794008" level="WARN">Keyword 'RequestsLibrary.Get Request' is deprecated. Please use `GET On Session` instead.</msg>
<msg time="2025-08-19T14:21:29.709335" level="INFO">GET Request : url=https://dummyjson.com/products/1%202%203%204%205%206%207 
 path_url=/products/1%202%203%204%205%206%207 
 headers={'User-Agent': 'python-requests/2.32.4', 'Accept-Encoding': 'gzip, deflate', 'Accept': '*/*', 'Connection': 'keep-alive'} 
 body=None 
 </msg>
<msg time="2025-08-19T14:21:29.710016" level="INFO">GET Response : url=https://dummyjson.com/products/1%202%203%204%205%206%207 
 status=404, reason=Not Found 
 headers={'Date': 'Tue, 19 Aug 2025 08:51:38 GMT', 'Content-Type': 'application/json; charset=utf-8', 'Transfer-Encoding': 'chunked', 'Connection': 'keep-alive', 'Access-Control-Allow-Origin': '*', 'Etag': 'W/"37-Y/OZic9d1t4PTq9TUrjCetlUz3s"', 'Server': 'cloudflare', 'Strict-Transport-Security': 'max-age=15552000; includeSubDomains', 'Vary': 'Accept-Encoding', 'X-Content-Type-Options': 'nosniff', 'X-Dns-Prefetch-Control': 'off', 'X-Download-Options': 'noopen', 'X-Frame-Options': 'SAMEORIGIN', 'X-Powered-By': 'Cats on Keyboards', 'X-Railway-Edge': 'railway/europe-west4-drams3a', 'X-Railway-Request-Id': 'Zzz8wfvgRvmFt7cNm3z_FQ', 'X-Ratelimit-Limit': '100', 'X-Ratelimit-Remaining': '99', 'X-Ratelimit-Reset': '1755593500', 'X-Xss-Protection': '1; mode=block', 'Cf-Cache-Status': 'DYNAMIC', 'Nel': '{"report_to":"cf-nel","success_fraction":0.0,"max_age":604800}', 'Report-To': '{"group":"cf-nel","max_age":604800,"endpoints":[{"url":"https://a.nel.cloudflare.com/report/v4?s=PHXrZRhySQaVUXzngPfXX8GByTdnT%2F94TMfI3ZxzHcw6yVT316Tr2LP4dm885y%2BIV80bi3JubeMluLvJn8N55bf7ZpAm5sC%2BwwEzNNw%3D"}]}', 'Content-Encoding': 'gzip', 'CF-RAY': '97186901b9e1bf02-LHR', 'alt-svc': 'h3=":443"; ma=86400'} 
 body={"message":"Product with id '1 2 3 4 5 6 7' not found"} 
 </msg>
<msg time="2025-08-19T14:21:29.710561" level="INFO">C:\Users\digvijay.p\AppData\Local\Programs\Python\Python313\Lib\site-packages\urllib3\connectionpool.py:1097: InsecureRequestWarning: Unverified HTTPS request is being made to host 'dummyjson.com'. Adding certificate verification is strongly advised. See: https://urllib3.readthedocs.io/en/latest/advanced-usage.html#tls-warnings
  warnings.warn(</msg>
<msg time="2025-08-19T14:21:29.712040" level="INFO">${GetRespone} = &lt;Response [404]&gt;</msg>
<var>${GetRespone}</var>
<arg>Api</arg>
<arg>/products/${id}</arg>
<doc>*DEPRECATED* Please use `GET On Session` instead.</doc>
<status status="PASS" start="2025-08-19T14:21:28.793864" elapsed="0.918630"/>
</kw>
<kw name="Log" owner="BuiltIn">
<msg time="2025-08-19T14:21:29.714847" level="INFO">Statuscode:404</msg>
<arg>Statuscode:${GetRespone.status_code}</arg>
<doc>Logs the given message with the given level.</doc>
<status status="PASS" start="2025-08-19T14:21:29.713219" elapsed="0.002120"/>
</kw>
<kw name="Log" owner="BuiltIn">
<msg time="2025-08-19T14:21:29.717777" level="INFO">content:{"message":"Product with id '1 2 3 4 5 6 7' not found"}</msg>
<arg>content:${GetRespone.text}</arg>
<doc>Logs the given message with the given level.</doc>
<status status="PASS" start="2025-08-19T14:21:29.715873" elapsed="0.002541"/>
</kw>
<kw name="Log" owner="BuiltIn">
<msg time="2025-08-19T14:21:29.720732" level="INFO">header:{'Date': 'Tue, 19 Aug 2025 08:51:38 GMT', 'Content-Type': 'application/json; charset=utf-8', 'Transfer-Encoding': 'chunked', 'Connection': 'keep-alive', 'Access-Control-Allow-Origin': '*', 'Etag': 'W/"37-Y/OZic9d1t4PTq9TUrjCetlUz3s"', 'Server': 'cloudflare', 'Strict-Transport-Security': 'max-age=15552000; includeSubDomains', 'Vary': 'Accept-Encoding', 'X-Content-Type-Options': 'nosniff', 'X-Dns-Prefetch-Control': 'off', 'X-Download-Options': 'noopen', 'X-Frame-Options': 'SAMEORIGIN', 'X-Powered-By': 'Cats on Keyboards', 'X-Railway-Edge': 'railway/europe-west4-drams3a', 'X-Railway-Request-Id': 'Zzz8wfvgRvmFt7cNm3z_FQ', 'X-Ratelimit-Limit': '100', 'X-Ratelimit-Remaining': '99', 'X-Ratelimit-Reset': '1755593500', 'X-Xss-Protection': '1; mode=block', 'Cf-Cache-Status': 'DYNAMIC', 'Nel': '{"report_to":"cf-nel","success_fraction":0.0,"max_age":604800}', 'Report-To': '{"group":"cf-nel","max_age":604800,"endpoints":[{"url":"https://a.nel.cloudflare.com/report/v4?s=PHXrZRhySQaVUXzngPfXX8GByTdnT%2F94TMfI3ZxzHcw6yVT316Tr2LP4dm885y%2BIV80bi3JubeMluLvJn8N55bf7ZpAm5sC%2BwwEzNNw%3D"}]}', 'Content-Encoding': 'gzip', 'CF-RAY': '97186901b9e1bf02-LHR', 'alt-svc': 'h3=":443"; ma=86400'}</msg>
<arg>header:${GetRespone.headers}</arg>
<doc>Logs the given message with the given level.</doc>
<status status="PASS" start="2025-08-19T14:21:29.719007" elapsed="0.002787"/>
</kw>
<kw name="To Json" owner="RequestsLibrary">
<msg time="2025-08-19T14:21:29.722825" level="WARN">Keyword 'RequestsLibrary.To Json' is deprecated. Please use ${resp.json()} instead. Have a look at the improved HTML output as pretty printing replacement.</msg>
<msg time="2025-08-19T14:21:29.726598" level="INFO">To JSON using : content={"message":"Product with id '1 2 3 4 5 6 7' not found"} </msg>
<msg time="2025-08-19T14:21:29.726888" level="INFO">To JSON using : pretty_print=False </msg>
<msg time="2025-08-19T14:21:29.727192" level="INFO">${json} = {'message': "Product with id '1 2 3 4 5 6 7' not found"}</msg>
<var>${json}</var>
<arg>${GetRespone.text}</arg>
<doc>*DEPRECATED* Please use ${resp.json()} instead. Have a look at the improved HTML output as pretty printing replacement.</doc>
<status status="PASS" start="2025-08-19T14:21:29.722432" elapsed="0.004953"/>
</kw>
<var name="${id}">1 2 3 4 5 6 7</var>
<status status="PASS" start="2025-08-19T14:21:28.793626" elapsed="0.933959"/>
</iter>
<var>${id}</var>
<value>@{Product_Id}</value>
<status status="PASS" start="2025-08-19T14:21:28.793236" elapsed="0.934562"/>
</for>
<status status="PASS" start="2025-08-19T14:21:28.790336" elapsed="0.937735"/>
</kw>
<status status="PASS" start="2025-08-19T14:21:25.065610" elapsed="4.663205"/>
</test>
<status status="PASS" start="2025-08-19T14:21:24.640591" elapsed="5.090926"/>
</suite>
<statistics>
<total>
<stat pass="1" fail="0" skip="0">All Tests</stat>
</total>
<tag>
</tag>
<suite>
<stat name="ApiTestingE2E" id="s1" pass="1" fail="0" skip="0">ApiTestingE2E</stat>
</suite>
</statistics>
<errors>
<msg time="2025-08-19T14:21:24.618079" level="WARN">Error in file 'd:\RobotFrameWorkPractice\ApiTestingUsingR\ApiTestingE2E.robot' on line 6: Singular section headers like '*** Test case ***' are deprecated. Use plural format like '*** Test Cases ***' instead.</msg>
<msg time="2025-08-19T14:21:25.073152" level="WARN">Keyword 'RequestsLibrary.Post Request' is deprecated. Please use `POST On Session` instead.</msg>
<msg time="2025-08-19T14:21:26.013138" level="WARN">Keyword 'RequestsLibrary.Get Request' is deprecated. Please use `GET On Session` instead.</msg>
<msg time="2025-08-19T14:21:27.000171" level="WARN">Keyword 'RequestsLibrary.To Json' is deprecated. Please use ${resp.json()} instead. Have a look at the improved HTML output as pretty printing replacement.</msg>
<msg time="2025-08-19T14:21:27.903568" level="WARN">Keyword 'RequestsLibrary.Delete Request' is deprecated. Please use `DELETE On Session` instead.</msg>
<msg time="2025-08-19T14:21:28.794008" level="WARN">Keyword 'RequestsLibrary.Get Request' is deprecated. Please use `GET On Session` instead.</msg>
<msg time="2025-08-19T14:21:29.722825" level="WARN">Keyword 'RequestsLibrary.To Json' is deprecated. Please use ${resp.json()} instead. Have a look at the improved HTML output as pretty printing replacement.</msg>
</errors>
</robot>
